running egg_info
writing ../../build/donkey_project/donkey_project.egg-info/PKG-INFO
writing dependency_links to ../../build/donkey_project/donkey_project.egg-info/dependency_links.txt
writing entry points to ../../build/donkey_project/donkey_project.egg-info/entry_points.txt
writing requirements to ../../build/donkey_project/donkey_project.egg-info/requires.txt
writing top-level names to ../../build/donkey_project/donkey_project.egg-info/top_level.txt
reading manifest file '../../build/donkey_project/donkey_project.egg-info/SOURCES.txt'
writing manifest file '../../build/donkey_project/donkey_project.egg-info/SOURCES.txt'
running build
running build_py
copying donkey_project/pub.py -> /home/jetson/donkey_ws/build/donkey_project/build/lib/donkey_project
running install
running install_lib
copying /home/jetson/donkey_ws/build/donkey_project/build/lib/donkey_project/pub.py -> /home/jetson/donkey_ws/install/donkey_project/lib/python3.8/site-packages/donkey_project
byte-compiling /home/jetson/donkey_ws/install/donkey_project/lib/python3.8/site-packages/donkey_project/pub.py to pub.cpython-38.pyc
running install_data
running install_egg_info
removing '/home/jetson/donkey_ws/install/donkey_project/lib/python3.8/site-packages/donkey_project-0.0.0-py3.8.egg-info' (and everything under it)
Copying ../../build/donkey_project/donkey_project.egg-info to /home/jetson/donkey_ws/install/donkey_project/lib/python3.8/site-packages/donkey_project-0.0.0-py3.8.egg-info
running install_scripts
Installing give_node=donkey_project.gi:mainpub_node script to /home/jetson/donkey_ws/install/donkey_project/lib/donkey_project
writing list of installed files to '/home/jetson/donkey_ws/build/donkey_project/install.log'
