/usr/local/lib/python3.8/dist-packages/setuptools/dist.py:717: UserWarning: Usage of dash-separated 'script-dir' will not be supported in future versions. Please use the underscore name 'script_dir' instead
  warnings.warn(
running egg_info
creating ../../build/donkey_project/donkey_project.egg-info
writing ../../build/donkey_project/donkey_project.egg-info/PKG-INFO
writing dependency_links to ../../build/donkey_project/donkey_project.egg-info/dependency_links.txt
writing entry points to ../../build/donkey_project/donkey_project.egg-info/entry_points.txt
writing requirements to ../../build/donkey_project/donkey_project.egg-info/requires.txt
writing top-level names to ../../build/donkey_project/donkey_project.egg-info/top_level.txt
writing manifest file '../../build/donkey_project/donkey_project.egg-info/SOURCES.txt'
reading manifest file '../../build/donkey_project/donkey_project.egg-info/SOURCES.txt'
writing manifest file '../../build/donkey_project/donkey_project.egg-info/SOURCES.txt'
running build
running build_py
creating /home/jetson/donkey_ws/build/donkey_project/build
creating /home/jetson/donkey_ws/build/donkey_project/build/lib
creating /home/jetson/donkey_ws/build/donkey_project/build/lib/donkey_project
copying donkey_project/__init__.py -> /home/jetson/donkey_ws/build/donkey_project/build/lib/donkey_project
copying donkey_project/gi.py -> /home/jetson/donkey_ws/build/donkey_project/build/lib/donkey_project
running install
running install_lib
creating /home/jetson/donkey_ws/install/donkey_project/lib/python3.8/site-packages/donkey_project
copying /home/jetson/donkey_ws/build/donkey_project/build/lib/donkey_project/__init__.py -> /home/jetson/donkey_ws/install/donkey_project/lib/python3.8/site-packages/donkey_project
copying /home/jetson/donkey_ws/build/donkey_project/build/lib/donkey_project/gi.py -> /home/jetson/donkey_ws/install/donkey_project/lib/python3.8/site-packages/donkey_project
byte-compiling /home/jetson/donkey_ws/install/donkey_project/lib/python3.8/site-packages/donkey_project/__init__.py to __init__.cpython-38.pyc
byte-compiling /home/jetson/donkey_ws/install/donkey_project/lib/python3.8/site-packages/donkey_project/gi.py to gi.cpython-38.pyc
running install_data
creating /home/jetson/donkey_ws/install/donkey_project/share/ament_index
creating /home/jetson/donkey_ws/install/donkey_project/share/ament_index/resource_index
creating /home/jetson/donkey_ws/install/donkey_project/share/ament_index/resource_index/packages
copying resource/donkey_project -> /home/jetson/donkey_ws/install/donkey_project/share/ament_index/resource_index/packages
copying package.xml -> /home/jetson/donkey_ws/install/donkey_project/share/donkey_project
running install_egg_info
Copying ../../build/donkey_project/donkey_project.egg-info to /home/jetson/donkey_ws/install/donkey_project/lib/python3.8/site-packages/donkey_project-0.0.0-py3.8.egg-info
running install_scripts
Installing give_node script to /home/jetson/donkey_ws/install/donkey_project/lib/donkey_project
writing list of installed files to '/home/jetson/donkey_ws/build/donkey_project/install.log'
