[3.221s] Invoking command in '/home/jetson/donkey_ws/src/donkey_project': PYTHONPATH=/home/jetson/donkey_ws/build/donkey_project/prefix_override:/home/jetson/donkey_ws/install/donkey_project/lib/python3.8/site-packages:${PYTHONPATH} /usr/bin/python3 setup.py egg_info --egg-base ../../build/donkey_project build --build-base /home/jetson/donkey_ws/build/donkey_project/build install --record /home/jetson/donkey_ws/build/donkey_project/install.log --install-scripts $base/lib/donkey_project --single-version-externally-managed
[4.215s] /usr/local/lib/python3.8/dist-packages/setuptools/dist.py:717: UserWarning: Usage of dash-separated 'script-dir' will not be supported in future versions. Please use the underscore name 'script_dir' instead
[4.216s]   warnings.warn(
[4.343s] running egg_info
[4.345s] creating ../../build/donkey_project/donkey_project.egg-info
[4.346s] writing ../../build/donkey_project/donkey_project.egg-info/PKG-INFO
[4.346s] writing dependency_links to ../../build/donkey_project/donkey_project.egg-info/dependency_links.txt
[4.348s] writing entry points to ../../build/donkey_project/donkey_project.egg-info/entry_points.txt
[4.348s] writing requirements to ../../build/donkey_project/donkey_project.egg-info/requires.txt
[4.350s] writing top-level names to ../../build/donkey_project/donkey_project.egg-info/top_level.txt
[4.359s] writing manifest file '../../build/donkey_project/donkey_project.egg-info/SOURCES.txt'
[4.366s] reading manifest file '../../build/donkey_project/donkey_project.egg-info/SOURCES.txt'
[4.370s] writing manifest file '../../build/donkey_project/donkey_project.egg-info/SOURCES.txt'
[4.370s] running build
[4.371s] running build_py
[4.371s] creating /home/jetson/donkey_ws/build/donkey_project/build
[4.371s] creating /home/jetson/donkey_ws/build/donkey_project/build/lib
[4.372s] creating /home/jetson/donkey_ws/build/donkey_project/build/lib/donkey_project
[4.372s] copying donkey_project/__init__.py -> /home/jetson/donkey_ws/build/donkey_project/build/lib/donkey_project
[4.373s] copying donkey_project/gi.py -> /home/jetson/donkey_ws/build/donkey_project/build/lib/donkey_project
[4.373s] running install
[4.375s] running install_lib
[4.378s] creating /home/jetson/donkey_ws/install/donkey_project/lib/python3.8/site-packages/donkey_project
[4.379s] copying /home/jetson/donkey_ws/build/donkey_project/build/lib/donkey_project/__init__.py -> /home/jetson/donkey_ws/install/donkey_project/lib/python3.8/site-packages/donkey_project
[4.379s] copying /home/jetson/donkey_ws/build/donkey_project/build/lib/donkey_project/gi.py -> /home/jetson/donkey_ws/install/donkey_project/lib/python3.8/site-packages/donkey_project
[4.381s] byte-compiling /home/jetson/donkey_ws/install/donkey_project/lib/python3.8/site-packages/donkey_project/__init__.py to __init__.cpython-38.pyc
[4.382s] byte-compiling /home/jetson/donkey_ws/install/donkey_project/lib/python3.8/site-packages/donkey_project/gi.py to gi.cpython-38.pyc
[4.382s] running install_data
[4.385s] creating /home/jetson/donkey_ws/install/donkey_project/share/ament_index
[4.386s] creating /home/jetson/donkey_ws/install/donkey_project/share/ament_index/resource_index
[4.386s] creating /home/jetson/donkey_ws/install/donkey_project/share/ament_index/resource_index/packages
[4.386s] copying resource/donkey_project -> /home/jetson/donkey_ws/install/donkey_project/share/ament_index/resource_index/packages
[4.387s] copying package.xml -> /home/jetson/donkey_ws/install/donkey_project/share/donkey_project
[4.387s] running install_egg_info
[4.393s] Copying ../../build/donkey_project/donkey_project.egg-info to /home/jetson/donkey_ws/install/donkey_project/lib/python3.8/site-packages/donkey_project-0.0.0-py3.8.egg-info
[4.396s] running install_scripts
[4.468s] Installing give_node script to /home/jetson/donkey_ws/install/donkey_project/lib/donkey_project
[4.469s] writing list of installed files to '/home/jetson/donkey_ws/build/donkey_project/install.log'
[4.567s] Invoked command in '/home/jetson/donkey_ws/src/donkey_project' returned '0': PYTHONPATH=/home/jetson/donkey_ws/build/donkey_project/prefix_override:/home/jetson/donkey_ws/install/donkey_project/lib/python3.8/site-packages:${PYTHONPATH} /usr/bin/python3 setup.py egg_info --egg-base ../../build/donkey_project build --build-base /home/jetson/donkey_ws/build/donkey_project/build install --record /home/jetson/donkey_ws/build/donkey_project/install.log --install-scripts $base/lib/donkey_project --single-version-externally-managed
