[1.976s] DEBUG:colcon:Command line arguments: ['/usr/bin/colcon', 'build']
[1.977s] DEBUG:colcon:Parsed command line arguments: Namespace(allow_overriding=[], ament_cmake_args=None, base_paths=['.'], build_base='build', catkin_cmake_args=None, catkin_skip_building_tests=False, cmake_args=None, cmake_clean_cache=False, cmake_clean_first=False, cmake_force_configure=False, cmake_target=None, cmake_target_skip_unavailable=False, continue_on_error=False, event_handlers=None, executor='parallel', ignore_user_meta=False, install_base='install', log_base=None, log_level=None, main=<bound method BuildVerb.main of <colcon_core.verb.build.BuildVerb object at 0x7f7e331490>>, merge_install=False, metas=['./colcon.meta'], packages_above=None, packages_above_and_dependencies=None, packages_above_depth=None, packages_end=None, packages_ignore=None, packages_ignore_regex=None, packages_select=None, packages_select_build_failed=False, packages_select_by_dep=None, packages_select_regex=None, packages_select_test_failures=False, packages_skip=None, packages_skip_build_finished=False, packages_skip_by_dep=None, packages_skip_regex=None, packages_skip_test_passed=False, packages_skip_up_to=None, packages_start=None, packages_up_to=None, packages_up_to_regex=None, parallel_workers=4, paths=None, symlink_install=False, test_result_base=None, verb_extension=<colcon_core.verb.build.BuildVerb object at 0x7f7e331490>, verb_name='build', verb_parser=<colcon_defaults.argument_parser.defaults.DefaultArgumentsDecorator object at 0x7f7e3319d0>)
[2.179s] Level 1:colcon.colcon_core.package_discovery:discover_packages(colcon_meta) check parameters
[2.180s] Level 1:colcon.colcon_core.package_discovery:discover_packages(recursive) check parameters
[2.180s] Level 1:colcon.colcon_core.package_discovery:discover_packages(ignore) check parameters
[2.180s] Level 1:colcon.colcon_core.package_discovery:discover_packages(path) check parameters
[2.180s] Level 1:colcon.colcon_core.package_discovery:discover_packages(colcon_meta) discover
[2.180s] Level 1:colcon.colcon_core.package_discovery:discover_packages(recursive) discover
[2.180s] INFO:colcon.colcon_core.package_discovery:Crawling recursively for packages in '/home/jetson/donkey_ws'
[2.181s] Level 1:colcon.colcon_core.package_identification:_identify(.) by extensions ['ignore', 'ignore_ament_install']
[2.181s] Level 1:colcon.colcon_core.package_identification:_identify(.) by extension 'ignore'
[2.181s] Level 1:colcon.colcon_core.package_identification:_identify(.) by extension 'ignore_ament_install'
[2.182s] Level 1:colcon.colcon_core.package_identification:_identify(.) by extensions ['colcon_pkg']
[2.182s] Level 1:colcon.colcon_core.package_identification:_identify(.) by extension 'colcon_pkg'
[2.182s] Level 1:colcon.colcon_core.package_identification:_identify(.) by extensions ['colcon_meta']
[2.182s] Level 1:colcon.colcon_core.package_identification:_identify(.) by extension 'colcon_meta'
[2.182s] Level 1:colcon.colcon_core.package_identification:_identify(.) by extensions ['ros']
[2.183s] Level 1:colcon.colcon_core.package_identification:_identify(.) by extension 'ros'
[2.230s] Level 1:colcon.colcon_core.package_identification:_identify(.) by extensions ['cmake', 'python']
[2.230s] Level 1:colcon.colcon_core.package_identification:_identify(.) by extension 'cmake'
[2.230s] Level 1:colcon.colcon_core.package_identification:_identify(.) by extension 'python'
[2.231s] Level 1:colcon.colcon_core.package_identification:_identify(.) by extensions ['python_setup_py']
[2.231s] Level 1:colcon.colcon_core.package_identification:_identify(.) by extension 'python_setup_py'
[2.231s] Level 1:colcon.colcon_core.package_identification:_identify(build) by extensions ['ignore', 'ignore_ament_install']
[2.232s] Level 1:colcon.colcon_core.package_identification:_identify(build) by extension 'ignore'
[2.232s] Level 1:colcon.colcon_core.package_identification:_identify(build) ignored
[2.232s] Level 1:colcon.colcon_core.package_identification:_identify(install) by extensions ['ignore', 'ignore_ament_install']
[2.233s] Level 1:colcon.colcon_core.package_identification:_identify(install) by extension 'ignore'
[2.233s] Level 1:colcon.colcon_core.package_identification:_identify(install) ignored
[2.233s] Level 1:colcon.colcon_core.package_identification:_identify(log) by extensions ['ignore', 'ignore_ament_install']
[2.234s] Level 1:colcon.colcon_core.package_identification:_identify(log) by extension 'ignore'
[2.234s] Level 1:colcon.colcon_core.package_identification:_identify(log) ignored
[2.234s] Level 1:colcon.colcon_core.package_identification:_identify(src) by extensions ['ignore', 'ignore_ament_install']
[2.234s] Level 1:colcon.colcon_core.package_identification:_identify(src) by extension 'ignore'
[2.235s] Level 1:colcon.colcon_core.package_identification:_identify(src) by extension 'ignore_ament_install'
[2.235s] Level 1:colcon.colcon_core.package_identification:_identify(src) by extensions ['colcon_pkg']
[2.235s] Level 1:colcon.colcon_core.package_identification:_identify(src) by extension 'colcon_pkg'
[2.235s] Level 1:colcon.colcon_core.package_identification:_identify(src) by extensions ['colcon_meta']
[2.235s] Level 1:colcon.colcon_core.package_identification:_identify(src) by extension 'colcon_meta'
[2.236s] Level 1:colcon.colcon_core.package_identification:_identify(src) by extensions ['ros']
[2.236s] Level 1:colcon.colcon_core.package_identification:_identify(src) by extension 'ros'
[2.236s] Level 1:colcon.colcon_core.package_identification:_identify(src) by extensions ['cmake', 'python']
[2.236s] Level 1:colcon.colcon_core.package_identification:_identify(src) by extension 'cmake'
[2.236s] Level 1:colcon.colcon_core.package_identification:_identify(src) by extension 'python'
[2.237s] Level 1:colcon.colcon_core.package_identification:_identify(src) by extensions ['python_setup_py']
[2.237s] Level 1:colcon.colcon_core.package_identification:_identify(src) by extension 'python_setup_py'
[2.237s] Level 1:colcon.colcon_core.package_identification:_identify(src/donkey_project) by extensions ['ignore', 'ignore_ament_install']
[2.237s] Level 1:colcon.colcon_core.package_identification:_identify(src/donkey_project) by extension 'ignore'
[2.238s] Level 1:colcon.colcon_core.package_identification:_identify(src/donkey_project) by extension 'ignore_ament_install'
[2.238s] Level 1:colcon.colcon_core.package_identification:_identify(src/donkey_project) by extensions ['colcon_pkg']
[2.238s] Level 1:colcon.colcon_core.package_identification:_identify(src/donkey_project) by extension 'colcon_pkg'
[2.238s] Level 1:colcon.colcon_core.package_identification:_identify(src/donkey_project) by extensions ['colcon_meta']
[2.238s] Level 1:colcon.colcon_core.package_identification:_identify(src/donkey_project) by extension 'colcon_meta'
[2.239s] Level 1:colcon.colcon_core.package_identification:_identify(src/donkey_project) by extensions ['ros']
[2.239s] Level 1:colcon.colcon_core.package_identification:_identify(src/donkey_project) by extension 'ros'
[2.252s] DEBUG:colcon.colcon_core.package_identification:Package 'src/donkey_project' with type 'ros.ament_python' and name 'donkey_project'
[2.252s] Level 1:colcon.colcon_core.package_discovery:discover_packages(recursive) using defaults
[2.252s] Level 1:colcon.colcon_core.package_discovery:discover_packages(ignore) discover
[2.252s] Level 1:colcon.colcon_core.package_discovery:discover_packages(ignore) using defaults
[2.252s] Level 1:colcon.colcon_core.package_discovery:discover_packages(path) discover
[2.252s] Level 1:colcon.colcon_core.package_discovery:discover_packages(path) using defaults
[2.356s] Level 1:colcon.colcon_core.package_discovery:discover_packages(prefix_path) check parameters
[2.356s] Level 1:colcon.colcon_core.package_discovery:discover_packages(prefix_path) discover
[2.367s] DEBUG:colcon.colcon_installed_package_information.package_discovery:Found 1 installed packages in /home/jetson/donkey_ws/install
[2.377s] DEBUG:colcon.colcon_installed_package_information.package_discovery:Found 256 installed packages in /opt/ros/foxy
[2.385s] Level 1:colcon.colcon_core.package_discovery:discover_packages(prefix_path) using defaults
[2.693s] Level 5:colcon.colcon_core.verb:set package 'donkey_project' build argument 'cmake_args' from command line to 'None'
[2.693s] Level 5:colcon.colcon_core.verb:set package 'donkey_project' build argument 'cmake_target' from command line to 'None'
[2.693s] Level 5:colcon.colcon_core.verb:set package 'donkey_project' build argument 'cmake_target_skip_unavailable' from command line to 'False'
[2.693s] Level 5:colcon.colcon_core.verb:set package 'donkey_project' build argument 'cmake_clean_cache' from command line to 'False'
[2.693s] Level 5:colcon.colcon_core.verb:set package 'donkey_project' build argument 'cmake_clean_first' from command line to 'False'
[2.693s] Level 5:colcon.colcon_core.verb:set package 'donkey_project' build argument 'cmake_force_configure' from command line to 'False'
[2.694s] Level 5:colcon.colcon_core.verb:set package 'donkey_project' build argument 'ament_cmake_args' from command line to 'None'
[2.694s] Level 5:colcon.colcon_core.verb:set package 'donkey_project' build argument 'catkin_cmake_args' from command line to 'None'
[2.694s] Level 5:colcon.colcon_core.verb:set package 'donkey_project' build argument 'catkin_skip_building_tests' from command line to 'False'
[2.694s] DEBUG:colcon.colcon_core.verb:Building package 'donkey_project' with the following arguments: {'ament_cmake_args': None, 'build_base': '/home/jetson/donkey_ws/build/donkey_project', 'catkin_cmake_args': None, 'catkin_skip_building_tests': False, 'cmake_args': None, 'cmake_clean_cache': False, 'cmake_clean_first': False, 'cmake_force_configure': False, 'cmake_target': None, 'cmake_target_skip_unavailable': False, 'install_base': '/home/jetson/donkey_ws/install/donkey_project', 'merge_install': False, 'path': '/home/jetson/donkey_ws/src/donkey_project', 'symlink_install': False, 'test_result_base': None}
[2.698s] INFO:colcon.colcon_core.executor:Executing jobs using 'parallel' executor
[2.720s] DEBUG:colcon.colcon_parallel_executor.executor.parallel:run_until_complete
[2.720s] INFO:colcon.colcon_ros.task.ament_python.build:Building ROS package in '/home/jetson/donkey_ws/src/donkey_project' with build type 'ament_python'
[2.721s] Level 1:colcon.colcon_core.shell:create_environment_hook('donkey_project', 'ament_prefix_path')
[2.742s] INFO:colcon.colcon_core.plugin_system:Skipping extension 'colcon_core.shell.bat': Not used on non-Windows systems
[2.742s] INFO:colcon.colcon_core.shell:Creating environment hook '/home/jetson/donkey_ws/install/donkey_project/share/donkey_project/hook/ament_prefix_path.ps1'
[2.745s] INFO:colcon.colcon_core.shell:Creating environment descriptor '/home/jetson/donkey_ws/install/donkey_project/share/donkey_project/hook/ament_prefix_path.dsv'
[2.746s] INFO:colcon.colcon_core.shell:Creating environment hook '/home/jetson/donkey_ws/install/donkey_project/share/donkey_project/hook/ament_prefix_path.sh'
[2.757s] INFO:colcon.colcon_core.shell:Skip shell extension 'powershell' for command environment: Not usable outside of PowerShell
[2.757s] DEBUG:colcon.colcon_core.shell:Skip shell extension 'dsv' for command environment
[3.999s] INFO:colcon.colcon_core.task.python.build:Building Python package in '/home/jetson/donkey_ws/src/donkey_project'
[4.007s] INFO:colcon.colcon_core.shell:Skip shell extension 'powershell' for command environment: Not usable outside of PowerShell
[4.008s] DEBUG:colcon.colcon_core.shell:Skip shell extension 'dsv' for command environment
[5.742s] DEBUG:colcon.colcon_core.event_handler.log_command:Invoking command in '/home/jetson/donkey_ws/src/donkey_project': PYTHONPATH=/home/jetson/donkey_ws/build/donkey_project/prefix_override:/home/jetson/donkey_ws/install/donkey_project/lib/python3.8/site-packages:${PYTHONPATH} /usr/bin/python3 setup.py egg_info --egg-base ../../build/donkey_project build --build-base /home/jetson/donkey_ws/build/donkey_project/build install --record /home/jetson/donkey_ws/build/donkey_project/install.log --install-scripts $base/lib/donkey_project --single-version-externally-managed
[7.105s] DEBUG:colcon.colcon_core.event_handler.log_command:Invoked command in '/home/jetson/donkey_ws/src/donkey_project' returned '0': PYTHONPATH=/home/jetson/donkey_ws/build/donkey_project/prefix_override:/home/jetson/donkey_ws/install/donkey_project/lib/python3.8/site-packages:${PYTHONPATH} /usr/bin/python3 setup.py egg_info --egg-base ../../build/donkey_project build --build-base /home/jetson/donkey_ws/build/donkey_project/build install --record /home/jetson/donkey_ws/build/donkey_project/install.log --install-scripts $base/lib/donkey_project --single-version-externally-managed
[7.131s] Level 1:colcon.colcon_core.environment:checking '/home/jetson/donkey_ws/install/donkey_project' for CMake module files
[7.133s] Level 1:colcon.colcon_core.environment:checking '/home/jetson/donkey_ws/install/donkey_project' for CMake config files
[7.136s] Level 1:colcon.colcon_core.environment:checking '/home/jetson/donkey_ws/install/donkey_project/lib'
[7.137s] Level 1:colcon.colcon_core.environment:checking '/home/jetson/donkey_ws/install/donkey_project/bin'
[7.137s] Level 1:colcon.colcon_core.environment:checking '/home/jetson/donkey_ws/install/donkey_project/lib/pkgconfig/donkey_project.pc'
[7.138s] Level 1:colcon.colcon_core.environment:checking '/home/jetson/donkey_ws/install/donkey_project/lib/python3.8/site-packages'
[7.138s] Level 1:colcon.colcon_core.shell:create_environment_hook('donkey_project', 'pythonpath')
[7.146s] INFO:colcon.colcon_core.shell:Creating environment hook '/home/jetson/donkey_ws/install/donkey_project/share/donkey_project/hook/pythonpath.ps1'
[7.148s] INFO:colcon.colcon_core.shell:Creating environment descriptor '/home/jetson/donkey_ws/install/donkey_project/share/donkey_project/hook/pythonpath.dsv'
[7.149s] INFO:colcon.colcon_core.shell:Creating environment hook '/home/jetson/donkey_ws/install/donkey_project/share/donkey_project/hook/pythonpath.sh'
[7.153s] Level 1:colcon.colcon_core.environment:checking '/home/jetson/donkey_ws/install/donkey_project/bin'
[7.154s] Level 1:colcon.colcon_core.environment:create_environment_scripts_only(donkey_project)
[7.162s] INFO:colcon.colcon_core.shell:Creating package script '/home/jetson/donkey_ws/install/donkey_project/share/donkey_project/package.ps1'
[7.166s] INFO:colcon.colcon_core.shell:Creating package descriptor '/home/jetson/donkey_ws/install/donkey_project/share/donkey_project/package.dsv'
[7.168s] INFO:colcon.colcon_core.shell:Creating package script '/home/jetson/donkey_ws/install/donkey_project/share/donkey_project/package.sh'
[7.172s] INFO:colcon.colcon_core.shell:Creating package script '/home/jetson/donkey_ws/install/donkey_project/share/donkey_project/package.bash'
[7.175s] INFO:colcon.colcon_core.shell:Creating package script '/home/jetson/donkey_ws/install/donkey_project/share/donkey_project/package.zsh'
[7.178s] Level 1:colcon.colcon_core.environment:create_file_with_runtime_dependencies(/home/jetson/donkey_ws/install/donkey_project/share/colcon-core/packages/donkey_project)
[7.179s] DEBUG:colcon.colcon_parallel_executor.executor.parallel:closing loop
[7.181s] DEBUG:colcon.colcon_parallel_executor.executor.parallel:loop closed
[7.181s] DEBUG:colcon.colcon_parallel_executor.executor.parallel:run_until_complete finished with '0'
[7.181s] DEBUG:colcon.colcon_core.event_reactor:joining thread
[7.201s] INFO:colcon.colcon_core.plugin_system:Skipping extension 'colcon_notification.desktop_notification.terminal_notifier': Not used on non-Darwin systems
[7.202s] INFO:colcon.colcon_core.plugin_system:Skipping extension 'colcon_notification.desktop_notification.win32': Not used on non-Windows systems
[7.202s] INFO:colcon.colcon_notification.desktop_notification:Sending desktop notification using 'notify2'
[7.286s] DEBUG:colcon.colcon_core.event_reactor:joined thread
[7.295s] INFO:colcon.colcon_core.shell:Creating prefix script '/home/jetson/donkey_ws/install/local_setup.ps1'
[7.299s] INFO:colcon.colcon_core.shell:Creating prefix util module '/home/jetson/donkey_ws/install/_local_setup_util_ps1.py'
[7.306s] INFO:colcon.colcon_core.shell:Creating prefix chain script '/home/jetson/donkey_ws/install/setup.ps1'
[7.313s] INFO:colcon.colcon_core.shell:Creating prefix script '/home/jetson/donkey_ws/install/local_setup.sh'
[7.316s] INFO:colcon.colcon_core.shell:Creating prefix util module '/home/jetson/donkey_ws/install/_local_setup_util_sh.py'
[7.319s] INFO:colcon.colcon_core.shell:Creating prefix chain script '/home/jetson/donkey_ws/install/setup.sh'
[7.326s] INFO:colcon.colcon_core.shell:Creating prefix script '/home/jetson/donkey_ws/install/local_setup.bash'
[7.327s] INFO:colcon.colcon_core.shell:Creating prefix chain script '/home/jetson/donkey_ws/install/setup.bash'
[7.334s] INFO:colcon.colcon_core.shell:Creating prefix script '/home/jetson/donkey_ws/install/local_setup.zsh'
[7.336s] INFO:colcon.colcon_core.shell:Creating prefix chain script '/home/jetson/donkey_ws/install/setup.zsh'
